TN:
SF:src/compiler.ts
FN:6,(anonymous_0)
FN:10,(anonymous_1)
FN:18,(anonymous_2)
FN:25,(anonymous_3)
FN:31,(anonymous_4)
FN:33,(anonymous_5)
FN:45,(anonymous_6)
FN:46,(anonymous_7)
FNF:8
FNH:8
FNDA:5,(anonymous_0)
FNDA:2,(anonymous_1)
FNDA:2,(anonymous_2)
FNDA:2,(anonymous_3)
FNDA:2,(anonymous_4)
FNDA:7,(anonymous_5)
FNDA:5,(anonymous_6)
FNDA:7,(anonymous_7)
DA:1,1
DA:2,1
DA:5,1
DA:7,5
DA:11,2
DA:12,1
DA:15,1
DA:19,2
DA:20,1
DA:23,1
DA:24,1
DA:25,1
DA:26,2
DA:29,1
DA:32,2
DA:33,2
DA:34,7
DA:35,0
DA:38,7
DA:39,7
DA:40,7
DA:42,7
DA:45,2
DA:46,7
DA:52,2
LF:25
LH:24
BRDA:11,0,0,1
BRDA:19,1,0,1
BRDA:33,2,0,0
BRDA:34,3,0,0
BRDA:42,4,0,7
BRDA:42,4,1,6
BRDA:42,4,2,3
BRDA:45,5,0,0
BRDA:45,6,0,2
BRDA:46,7,0,3
BRDA:46,7,1,4
BRF:11
BRH:8
end_of_record
TN:
SF:src/config.ts
FN:52,initializePhraseAppEditor
FN:93,isPhraseEnabled
FN:97,escapeId
FNF:3
FNH:3
FNDA:3,initializePhraseAppEditor
FNDA:2,isPhraseEnabled
FNDA:1,escapeId
DA:50,2
DA:52,2
DA:55,3
DA:56,2
DA:58,2
DA:66,2
DA:67,2
DA:73,2
DA:74,2
DA:75,2
DA:77,2
DA:78,2
DA:79,2
DA:81,0
DA:82,0
DA:84,2
DA:85,2
DA:86,0
DA:88,2
DA:93,2
DA:94,2
DA:97,2
DA:98,1
DA:99,1
LF:24
LH:21
BRDA:55,0,0,1
BRDA:66,1,0,2
BRDA:66,1,1,0
BRDA:73,2,0,2
BRDA:77,3,0,2
BRDA:77,3,1,0
BRDA:85,4,0,0
BRDA:85,4,1,2
BRF:8
BRH:5
end_of_record
TN:
SF:src/index.ts
FN:1,(anonymous_0)
FN:2,(anonymous_1)
FNF:2
FNH:0
FNDA:0,(anonymous_0)
FNDA:0,(anonymous_1)
DA:1,0
DA:2,0
LF:2
LH:0
BRF:0
BRH:0
end_of_record
